<?xml version="1.0" encoding="UTF-8"?>
<!-- Generated by org.testng.reporters.JUnitReportReporter -->
<testsuite hostname="Scoreme-Pukhraj" failures="0" tests="2" name="automationpractice.Testday1" time="0.024" errors="0" timestamp="2023-07-27T20:38:38 IST" skipped="0">
  <testcase classname="automationpractice.Testday1" name="validateCartIcon" time="0.001"/>
  <system-out/>
  <testcase classname="automationpractice.Testday1" name="validateSearch" time="0.023"/>
  <system-out/>
</testsuite> <!-- automationpractice.Testday1 -->
