<?xml version="1.0" encoding="UTF-8"?>
<!-- Generated by org.testng.reporters.JUnitReportReporter -->
<testsuite hostname="Scoreme-Pukhraj" failures="0" tests="1" name="automationpractice.Testday2" time="0.016" errors="0" timestamp="2023-07-27T20:38:38 IST" skipped="0">
  <testcase classname="automationpractice.Testday2" name="loginValidDetail" time="0.016"/>
  <system-out/>
</testsuite> <!-- automationpractice.Testday2 -->
